<?xml version="1.0" encoding="UTF-8"?>
<!-- Generated by org.testng.reporters.JUnitReportReporter -->
<testsuite hostname="SHAIK-PC" failures="0" tests="1" name="MavenPack.AppTest" time="0.031" errors="0" timestamp="2021-01-12T01:39:01 IST" skipped="0">
  <testcase classname="MavenPack.AppTest" name="shouldAnswerWithTrue" time="0.031"/>
  <system-out/>
</testsuite> <!-- MavenPack.AppTest -->
