<?xml version="1.0" encoding="UTF-8"?>
<!-- Generated by org.testng.reporters.JUnitReportReporter -->
<testsuite hostname="SHAIK-PC" failures="0" tests="2" name="MavenPack.AppiumTest" time="0.000" errors="0" timestamp="2021-01-12T02:17:08 IST" skipped="0">
  <testcase classname="MavenPack.AppiumTest" name="AppiumTest2" time="0.000"/>
  <system-out/>
  <testcase classname="MavenPack.AppiumTest" name="AppiumTest1" time="0.000"/>
  <system-out/>
</testsuite> <!-- MavenPack.AppiumTest -->
